Copyright 1986-2016 Xilinx, Inc. All Rights Reserved.
-------------------------------------------------------------------------------------------------------------------
| Tool Version : Vivado v.2016.3 (win64) Build 1682563 Mon Oct 10 19:07:27 MDT 2016
| Date         : Mon Jan 16 17:11:32 2017
| Host         : allanko running 64-bit major release  (build 9200)
| Command      : report_methodology -file labkit_methodology_drc_routed.rpt -rpx labkit_methodology_drc_routed.rpx
| Design       : labkit
| Device       : xc7a100tcsg324-3
| Speed File   : -3
| Design State : Routed
-------------------------------------------------------------------------------------------------------------------

Report Methodology

Table of Contents
-----------------
1. REPORT SUMMARY
2. REPORT DETAILS

1. REPORT SUMMARY
-----------------
            Netlist: netlist
          Floorplan: design_1
      Design limits: <entire design considered>
             Max violations: <unlimited>
             Violations found: 68
+-----------+----------+------------------------------------------------+------------+
| Rule      | Severity | Description                                    | Violations |
+-----------+----------+------------------------------------------------+------------+
| TIMING-6  | Warning  | No common primary clock between related clocks | 2          |
| TIMING-18 | Warning  | Missing input or output delay                  | 66         |
+-----------+----------+------------------------------------------------+------------+

2. REPORT DETAILS
-----------------
TIMING-6#1 Warning
No common primary clock between related clocks  
The clocks clk_out_65mhz_clk_wiz_0 and clk_out_65mhz_clk_wiz_0_1 are related (timed together) but they have no common primary clock. The design could fail in hardware. To find a timing path between these clocks, run the following command: report_timing -from [get_clocks clk_out_65mhz_clk_wiz_0] -to [get_clocks clk_out_65mhz_clk_wiz_0_1]
Related violations: <none>

TIMING-6#2 Warning
No common primary clock between related clocks  
The clocks clk_out_65mhz_clk_wiz_0_1 and clk_out_65mhz_clk_wiz_0 are related (timed together) but they have no common primary clock. The design could fail in hardware. To find a timing path between these clocks, run the following command: report_timing -from [get_clocks clk_out_65mhz_clk_wiz_0_1] -to [get_clocks clk_out_65mhz_clk_wiz_0]
Related violations: <none>

TIMING-18#1 Warning
Missing input or output delay  
An input delay is missing on BTNC relative to clock(s) VIRTUAL_clk_out_65mhz_clk_wiz_0 
Related violations: <none>

TIMING-18#2 Warning
Missing input or output delay  
An input delay is missing on BTNL relative to clock(s) VIRTUAL_clk_out_65mhz_clk_wiz_0 
Related violations: <none>

TIMING-18#3 Warning
Missing input or output delay  
An input delay is missing on PS2_CLK relative to clock(s) VIRTUAL_clk_out_65mhz_clk_wiz_0 
Related violations: <none>

TIMING-18#4 Warning
Missing input or output delay  
An input delay is missing on PS2_DATA relative to clock(s) VIRTUAL_clk_out_65mhz_clk_wiz_0 
Related violations: <none>

TIMING-18#5 Warning
Missing input or output delay  
An input delay is missing on SW[0] relative to clock(s) VIRTUAL_clk_out_65mhz_clk_wiz_0 
Related violations: <none>

TIMING-18#6 Warning
Missing input or output delay  
An input delay is missing on SW[10] relative to clock(s) VIRTUAL_clk_out_65mhz_clk_wiz_0 
Related violations: <none>

TIMING-18#7 Warning
Missing input or output delay  
An input delay is missing on SW[11] relative to clock(s) VIRTUAL_clk_out_65mhz_clk_wiz_0 
Related violations: <none>

TIMING-18#8 Warning
Missing input or output delay  
An input delay is missing on SW[12] relative to clock(s) VIRTUAL_clk_out_65mhz_clk_wiz_0 
Related violations: <none>

TIMING-18#9 Warning
Missing input or output delay  
An input delay is missing on SW[13] relative to clock(s) VIRTUAL_clk_out_65mhz_clk_wiz_0 
Related violations: <none>

TIMING-18#10 Warning
Missing input or output delay  
An input delay is missing on SW[14] relative to clock(s) VIRTUAL_clk_out_65mhz_clk_wiz_0 
Related violations: <none>

TIMING-18#11 Warning
Missing input or output delay  
An input delay is missing on SW[15] relative to clock(s) VIRTUAL_clk_out_65mhz_clk_wiz_0 
Related violations: <none>

TIMING-18#12 Warning
Missing input or output delay  
An input delay is missing on SW[1] relative to clock(s) VIRTUAL_clk_out_65mhz_clk_wiz_0 
Related violations: <none>

TIMING-18#13 Warning
Missing input or output delay  
An input delay is missing on SW[2] relative to clock(s) VIRTUAL_clk_out_65mhz_clk_wiz_0 
Related violations: <none>

TIMING-18#14 Warning
Missing input or output delay  
An input delay is missing on SW[3] relative to clock(s) VIRTUAL_clk_out_65mhz_clk_wiz_0 
Related violations: <none>

TIMING-18#15 Warning
Missing input or output delay  
An input delay is missing on SW[4] relative to clock(s) VIRTUAL_clk_out_65mhz_clk_wiz_0 
Related violations: <none>

TIMING-18#16 Warning
Missing input or output delay  
An input delay is missing on SW[5] relative to clock(s) VIRTUAL_clk_out_65mhz_clk_wiz_0 
Related violations: <none>

TIMING-18#17 Warning
Missing input or output delay  
An input delay is missing on SW[6] relative to clock(s) VIRTUAL_clk_out_65mhz_clk_wiz_0 
Related violations: <none>

TIMING-18#18 Warning
Missing input or output delay  
An input delay is missing on SW[7] relative to clock(s) VIRTUAL_clk_out_65mhz_clk_wiz_0 
Related violations: <none>

TIMING-18#19 Warning
Missing input or output delay  
An input delay is missing on SW[8] relative to clock(s) VIRTUAL_clk_out_65mhz_clk_wiz_0 
Related violations: <none>

TIMING-18#20 Warning
Missing input or output delay  
An input delay is missing on SW[9] relative to clock(s) VIRTUAL_clk_out_65mhz_clk_wiz_0 
Related violations: <none>

TIMING-18#21 Warning
Missing input or output delay  
An output delay is missing on AN[0] relative to clock(s) VIRTUAL_clk_out_65mhz_clk_wiz_0 
Related violations: <none>

TIMING-18#22 Warning
Missing input or output delay  
An output delay is missing on AN[1] relative to clock(s) VIRTUAL_clk_out_65mhz_clk_wiz_0 
Related violations: <none>

TIMING-18#23 Warning
Missing input or output delay  
An output delay is missing on AN[2] relative to clock(s) VIRTUAL_clk_out_65mhz_clk_wiz_0 
Related violations: <none>

TIMING-18#24 Warning
Missing input or output delay  
An output delay is missing on AN[3] relative to clock(s) VIRTUAL_clk_out_65mhz_clk_wiz_0 
Related violations: <none>

TIMING-18#25 Warning
Missing input or output delay  
An output delay is missing on AN[4] relative to clock(s) VIRTUAL_clk_out_65mhz_clk_wiz_0 
Related violations: <none>

TIMING-18#26 Warning
Missing input or output delay  
An output delay is missing on AN[5] relative to clock(s) VIRTUAL_clk_out_65mhz_clk_wiz_0 
Related violations: <none>

TIMING-18#27 Warning
Missing input or output delay  
An output delay is missing on AN[6] relative to clock(s) VIRTUAL_clk_out_65mhz_clk_wiz_0 
Related violations: <none>

TIMING-18#28 Warning
Missing input or output delay  
An output delay is missing on AN[7] relative to clock(s) VIRTUAL_clk_out_65mhz_clk_wiz_0 
Related violations: <none>

TIMING-18#29 Warning
Missing input or output delay  
An output delay is missing on LED[0] relative to clock(s) VIRTUAL_clk_out_65mhz_clk_wiz_0 
Related violations: <none>

TIMING-18#30 Warning
Missing input or output delay  
An output delay is missing on LED[10] relative to clock(s) VIRTUAL_clk_out_65mhz_clk_wiz_0 
Related violations: <none>

TIMING-18#31 Warning
Missing input or output delay  
An output delay is missing on LED[11] relative to clock(s) VIRTUAL_clk_out_65mhz_clk_wiz_0 
Related violations: <none>

TIMING-18#32 Warning
Missing input or output delay  
An output delay is missing on LED[12] relative to clock(s) VIRTUAL_clk_out_65mhz_clk_wiz_0 
Related violations: <none>

TIMING-18#33 Warning
Missing input or output delay  
An output delay is missing on LED[13] relative to clock(s) VIRTUAL_clk_out_65mhz_clk_wiz_0 
Related violations: <none>

TIMING-18#34 Warning
Missing input or output delay  
An output delay is missing on LED[14] relative to clock(s) VIRTUAL_clk_out_65mhz_clk_wiz_0 
Related violations: <none>

TIMING-18#35 Warning
Missing input or output delay  
An output delay is missing on LED[15] relative to clock(s) VIRTUAL_clk_out_65mhz_clk_wiz_0 
Related violations: <none>

TIMING-18#36 Warning
Missing input or output delay  
An output delay is missing on LED[1] relative to clock(s) VIRTUAL_clk_out_65mhz_clk_wiz_0 
Related violations: <none>

TIMING-18#37 Warning
Missing input or output delay  
An output delay is missing on LED[2] relative to clock(s) VIRTUAL_clk_out_65mhz_clk_wiz_0 
Related violations: <none>

TIMING-18#38 Warning
Missing input or output delay  
An output delay is missing on LED[3] relative to clock(s) VIRTUAL_clk_out_65mhz_clk_wiz_0 
Related violations: <none>

TIMING-18#39 Warning
Missing input or output delay  
An output delay is missing on LED[4] relative to clock(s) VIRTUAL_clk_out_65mhz_clk_wiz_0 
Related violations: <none>

TIMING-18#40 Warning
Missing input or output delay  
An output delay is missing on LED[5] relative to clock(s) VIRTUAL_clk_out_65mhz_clk_wiz_0 
Related violations: <none>

TIMING-18#41 Warning
Missing input or output delay  
An output delay is missing on LED[6] relative to clock(s) VIRTUAL_clk_out_65mhz_clk_wiz_0 
Related violations: <none>

TIMING-18#42 Warning
Missing input or output delay  
An output delay is missing on LED[7] relative to clock(s) VIRTUAL_clk_out_65mhz_clk_wiz_0 
Related violations: <none>

TIMING-18#43 Warning
Missing input or output delay  
An output delay is missing on LED[8] relative to clock(s) VIRTUAL_clk_out_65mhz_clk_wiz_0 
Related violations: <none>

TIMING-18#44 Warning
Missing input or output delay  
An output delay is missing on LED[9] relative to clock(s) VIRTUAL_clk_out_65mhz_clk_wiz_0 
Related violations: <none>

TIMING-18#45 Warning
Missing input or output delay  
An output delay is missing on SEG[0] relative to clock(s) VIRTUAL_clk_out_65mhz_clk_wiz_0 
Related violations: <none>

TIMING-18#46 Warning
Missing input or output delay  
An output delay is missing on SEG[1] relative to clock(s) VIRTUAL_clk_out_65mhz_clk_wiz_0 
Related violations: <none>

TIMING-18#47 Warning
Missing input or output delay  
An output delay is missing on SEG[2] relative to clock(s) VIRTUAL_clk_out_65mhz_clk_wiz_0 
Related violations: <none>

TIMING-18#48 Warning
Missing input or output delay  
An output delay is missing on SEG[3] relative to clock(s) VIRTUAL_clk_out_65mhz_clk_wiz_0 
Related violations: <none>

TIMING-18#49 Warning
Missing input or output delay  
An output delay is missing on SEG[4] relative to clock(s) VIRTUAL_clk_out_65mhz_clk_wiz_0 
Related violations: <none>

TIMING-18#50 Warning
Missing input or output delay  
An output delay is missing on SEG[5] relative to clock(s) VIRTUAL_clk_out_65mhz_clk_wiz_0 
Related violations: <none>

TIMING-18#51 Warning
Missing input or output delay  
An output delay is missing on SEG[6] relative to clock(s) VIRTUAL_clk_out_65mhz_clk_wiz_0 
Related violations: <none>

TIMING-18#52 Warning
Missing input or output delay  
An output delay is missing on SEG[7] relative to clock(s) VIRTUAL_clk_out_65mhz_clk_wiz_0 
Related violations: <none>

TIMING-18#53 Warning
Missing input or output delay  
An output delay is missing on VGA_B[0] relative to clock(s) VIRTUAL_clk_out_65mhz_clk_wiz_0 
Related violations: <none>

TIMING-18#54 Warning
Missing input or output delay  
An output delay is missing on VGA_B[1] relative to clock(s) VIRTUAL_clk_out_65mhz_clk_wiz_0 
Related violations: <none>

TIMING-18#55 Warning
Missing input or output delay  
An output delay is missing on VGA_B[2] relative to clock(s) VIRTUAL_clk_out_65mhz_clk_wiz_0 
Related violations: <none>

TIMING-18#56 Warning
Missing input or output delay  
An output delay is missing on VGA_B[3] relative to clock(s) VIRTUAL_clk_out_65mhz_clk_wiz_0 
Related violations: <none>

TIMING-18#57 Warning
Missing input or output delay  
An output delay is missing on VGA_G[0] relative to clock(s) VIRTUAL_clk_out_65mhz_clk_wiz_0 
Related violations: <none>

TIMING-18#58 Warning
Missing input or output delay  
An output delay is missing on VGA_G[1] relative to clock(s) VIRTUAL_clk_out_65mhz_clk_wiz_0 
Related violations: <none>

TIMING-18#59 Warning
Missing input or output delay  
An output delay is missing on VGA_G[2] relative to clock(s) VIRTUAL_clk_out_65mhz_clk_wiz_0 
Related violations: <none>

TIMING-18#60 Warning
Missing input or output delay  
An output delay is missing on VGA_G[3] relative to clock(s) VIRTUAL_clk_out_65mhz_clk_wiz_0 
Related violations: <none>

TIMING-18#61 Warning
Missing input or output delay  
An output delay is missing on VGA_HS relative to clock(s) VIRTUAL_clk_out_65mhz_clk_wiz_0 
Related violations: <none>

TIMING-18#62 Warning
Missing input or output delay  
An output delay is missing on VGA_R[0] relative to clock(s) VIRTUAL_clk_out_65mhz_clk_wiz_0 
Related violations: <none>

TIMING-18#63 Warning
Missing input or output delay  
An output delay is missing on VGA_R[1] relative to clock(s) VIRTUAL_clk_out_65mhz_clk_wiz_0 
Related violations: <none>

TIMING-18#64 Warning
Missing input or output delay  
An output delay is missing on VGA_R[2] relative to clock(s) VIRTUAL_clk_out_65mhz_clk_wiz_0 
Related violations: <none>

TIMING-18#65 Warning
Missing input or output delay  
An output delay is missing on VGA_R[3] relative to clock(s) VIRTUAL_clk_out_65mhz_clk_wiz_0 
Related violations: <none>

TIMING-18#66 Warning
Missing input or output delay  
An output delay is missing on VGA_VS relative to clock(s) VIRTUAL_clk_out_65mhz_clk_wiz_0 
Related violations: <none>


